
> rest-express@1.0.0 dev
> NODE_ENV=development tsx server/index.ts

DATABASE_URL: postgresql://postgres:MVypVF%24ZW57tk%2FX@db.trbshtnmqtimjbxxwswl.supabase.co:5432/postgres
7:22:05 AM [express] serving on port 5000
7:22:07 AM [express] GET /api/user 304 in 3ms :: {"user":{"email":"john.steven.lloyd.jr+4@gmail.com","id":"rq6wivg8c5zm00q"}}
7:22:08 AM [express] GET /api/projects 304 in 44ms :: []
7:22:46 AM [vite] (client) hmr update /src/index.css, /src/components/CreateProjectDialog.tsx
7:26:22 AM [express] GET /api/user 304 in 1ms :: {"user":{"email":"john.steven.lloyd.jr+4@gmail.com","id":"rq6wivg8c5zm00q"}}
7:26:22 AM [express] GET /api/projects 304 in 39ms :: []
7:26:49 AM [express] GET /api/user 304 in 1ms :: {"user":{"email":"john.steven.lloyd.jr+4@gmail.com","id":"rq6wivg8c5zm00q"}}
7:26:49 AM [express] GET /api/projects 304 in 88ms :: []
7:29:29 AM [vite] (client) hmr update /src/index.css, /src/components/CreateProjectDialog.tsx
7:29:31 AM [express] GET /api/user 304 in 1ms :: {"user":{"email":"john.steven.lloyd.jr+4@gmail.com","id":"rq6wivg8c5zm00q"}}
7:29:31 AM [express] GET /api/projects 304 in 40ms :: []
7:30:01 AM [express] GET /api/user 304 in 0ms :: {"user":{"email":"john.steven.lloyd.jr+4@gmail.com","id":"rq6wivg8c5zm00q"}}
7:30:02 AM [express] GET /api/projects 304 in 47ms :: []
7:30:08 AM [express] POST /api/projects 201 in 49ms :: {"id":4,"name":"john s lloyd jr","address":"755 crossover ave","description":"","status":"planning","createdAt":"2026-01-06T13:30:08.045Z","userId":"rq6wivg8c5zm00q","fenceLines":[]}
7:30:08 AM [express] GET /api/projects 200 in 95ms :: [{"id":4,"name":"john s lloyd jr","address":"755 crossover ave","description":"","status":"planning","createdAt":"2026-01-06T13:30:08.045Z","userId":"rq6wivg8c5zm00q","fenceLines":[]}]
7:30:08 AM [express] GET /api/projects/4 200 in 106ms :: {"id":4,"name":"john s lloyd jr","address":"755 crossover ave","description":"","status":"planning","createdAt":"2026-01-06T13:30:08.045Z","userId":"rq6wivg8c5zm00q","fenceLines":[]}
7:31:24 AM [express] POST /api/projects/4/fence-lines 201 in 173ms :: {"id":4,"projectId":4,"name":"Line 1","material":"wood","height":6,"length":4926.35631179165,"color":"natural","createdAt":"2026-01-06T13:31:24.459Z","coordinates":[{"id":27,"fenceLineId":4,"order":0,"lat":35.1112246024653,"lng":-89.9075657129288},{"id":28,"fenceLineId":4,"order":1,"lat":35.1112114375861,"lng":-89.9071955680847},{"id":29,"fenceLineId":4,"order":2,"lat":35.1112070492925,"lng":-89.9068361520767},{"id":30,"fenceLineId":4,"order":3,"lat":35.1112070492925,"lng":-89.9066054821015},{"id":31,"fenceLineId":4,"order":4,"lat":35.1112684853807,"lng":-89.90598320961},{"id":32,"fenceLineId":4,"order":5,"lat":35.1114220753986,"lng":-89.9054574966431},{"id":33,"fenceLineId":4,"order":6,"lat":35.1103249974912,"lng":-89.9046206474304},{"id":34,"fenceLineId":4,"order":7,"lat":35.1093727218938,"lng":-89.9043416976929},{"id":35,"fenceLineId":4,"order":8,"lat":35.1082185665075,"lng":-89.9044167995453},{"id":36,"fenceLineId":4,"order":9,"lat":35.1077270581106,"lng":-89.9045187234879},{"id":37,"fenceLineId":4,"order":10,"lat":35.1072574892842,"lng":-89.9045562744141},{"id":38,"fenceLineId":4,"order":11,"lat":35.106862522756,"lng":-89.9045777320862},{"id":39,"fenceLineId":4,"order":12,"lat":35.1069722358725,"lng":-89.9078500270844},{"id":40,"fenceLineId":4,"order":13,"lat":35.1087232372235,"lng":-89.9077105522156},{"id":41,"fenceLineId":4,"order":14,"lat":35.1103162208084,"lng":-89.9076515436172},{"id":42,"fenceLineId":4,"order":15,"lat":35.1112421556343,"lng":-89.9075710773468}]}
7:31:24 AM [express] GET /api/projects/4 200 in 141ms :: {"id":4,"name":"john s lloyd jr","address":"755 crossover ave","description":"","status":"planning","createdAt":"2026-01-06T13:30:08.045Z","userId":"rq6wivg8c5zm00q","fenceLines":[{"id":4,"projectId":4,"name":"Line 1","material":"wood","height":6,"length":4926.35631179165,"color":"natural","createdAt":"2026-01-06T13:31:24.459Z","coordinates":[{"id":27,"fenceLineId":4,"order":0,"lat":35.1112246024653,"lng":-89.9075657129288},{"id":28,"fenceLineId":4,"order":1,"lat":35.1112114375861,"lng":-89.9071955680847},{"id":29,"fenceLineId":4,"order":2,"lat":35.1112070492925,"lng":-89.9068361520767},{"id":30,"fenceLineId":4,"order":3,"lat":35.1112070492925,"lng":-89.9066054821015},{"id":31,"fenceLineId":4,"order":4,"lat":35.1112684853807,"lng":-89.90598320961},{"id":32,"fenceLineId":4,"order":5,"lat":35.1114220753986,"lng":-89.9054574966431},{"id":33,"fenceLineId":4,"order":6,"lat":35.1103249974912,"lng":-89.9046206474304},{"id":34,"fenceLineId":4,"order":7,"lat":35.1093727218938,"lng":-89.9043416976929},{"id":35,"fenceLineId":4,"order":8,"lat":35.1082185665075,"lng":-89.9044167995453},{"id":36,"fenceLineId":4,"order":9,"lat":35.1077270581106,"lng":-89.9045187234879},{"id":37,"fenceLineId":4,"order":10,"lat":35.1072574892842,"lng":-89.9045562744141},{"id":38,"fenceLineId":4,"order":11,"lat":35.106862522756,"lng":-89.9045777320862},{"id":39,"fenceLineId":4,"order":12,"lat":35.1069722358725,"lng":-89.9078500270844},{"id":40,"fenceLineId":4,"order":13,"lat":35.1087232372235,"lng":-89.9077105522156},{"id":41,"fenceLineId":4,"order":14,"lat":35.1103162208084,"lng":-89.9076515436172},{"id":42,"fenceLineId":4,"order":15,"lat":35.1112421556343,"lng":-89.9075710773468}]}]}
7:31:50 AM [vite] (client) hmr update /src/index.css, /src/components/CreateProjectDialog.tsx
7:31:50 AM [vite] (client) hmr update /src/index.css, /src/pages/Dashboard.tsx, /src/pages/Projects.tsx, /src/pages/Editor.tsx, /src/components/CreateProjectDialog.tsx, /src/components/EditProjectDialog.tsx
7:31:50 AM [vite] (client) hmr update /src/pages/Dashboard.tsx, /src/pages/Projects.tsx, /src/pages/Editor.tsx, /src/components/CreateProjectDialog.tsx, /src/components/EditProjectDialog.tsx
7:44:03 AM [express] GET /api/user 304 in 0ms :: {"user":{"email":"john.steven.lloyd.jr+4@gmail.com","id":"rq6wivg8c5zm00q"}}
7:44:03 AM [express] GET /api/projects 200 in 127ms :: [{"id":4,"name":"john s lloyd jr","address":"755 crossover ave","description":"","status":"planning","createdAt":"2026-01-06T13:30:08.045Z","userId":"rq6wivg8c5zm00q","fenceLines":[{"id":4,"projectId":4,"name":"Line 1","material":"wood","height":6,"length":4926.35631179165,"color":"natural","createdAt":"2026-01-06T13:31:24.459Z","coordinates":[{"id":27,"fenceLineId":4,"order":0,"lat":35.1112246024653,"lng":-89.9075657129288},{"id":28,"fenceLineId":4,"order":1,"lat":35.1112114375861,"lng":-89.9071955680847},{"id":29,"fenceLineId":4,"order":2,"lat":35.1112070492925,"lng":-89.9068361520767},{"id":30,"fenceLineId":4,"order":3,"lat":35.1112070492925,"lng":-89.9066054821015},{"id":31,"fenceLineId":4,"order":4,"lat":35.1112684853807,"lng":-89.90598320961},{"id":32,"fenceLineId":4,"order":5,"lat":35.1114220753986,"lng":-89.9054574966431},{"id":33,"fenceLineId":4,"order":6,"lat":35.1103249974912,"lng":-89.9046206474304},{"id":34,"fenceLineId":4,"order":7,"lat":35.1093727218938,"lng":-89.9043416976929},{"id":35,"fenceLineId":4,"order":8,"lat":35.1082185665075,"lng":-89.9044167995453},{"id":36,"fenceLineId":4,"order":9,"lat":35.1077270581106,"lng":-89.9045187234879},{"id":37,"fenceLineId":4,"order":10,"lat":35.1072574892842,"lng":-89.9045562744141},{"id":38,"fenceLineId":4,"order":11,"lat":35.106862522756,"lng":-89.9045777320862},{"id":39,"fenceLineId":4,"order":12,"lat":35.1069722358725,"lng":-89.9078500270844},{"id":40,"fenceLineId":4,"order":13,"lat":35.1087232372235,"lng":-89.9077105522156},{"id":41,"fenceLineId":4,"order":14,"lat":35.1103162208084,"lng":-89.9076515436172},{"id":42,"fenceLineId":4,"order":15,"lat":35.1112421556343,"lng":-89.9075710773468}]}]}]
